<?xml version="1.0"?>
<testsuite name="HeadlessChrome 85.0.4183 (Mac OS X 10.15.6)" package="unit" timestamp="2020-09-21T19:27:04" id="0" hostname="192.168.0.102" tests="5" errors="1" failures="5" time="0.137">
  <properties>
    <property name="browser.fullName" value="Mozilla/5.0 (Macintosh; Intel Mac OS X 10_15_6) AppleWebKit/537.36 (KHTML, like Gecko) HeadlessChrome/85.0.4183.102 Safari/537.36"/>
  </properties>
  <testcase name="TemperatureConverter Typing value in Fahrenheit field gets correct Celsius value" time="0.074" classname=".TemperatureConverter">
    <failure type="">Error: Expected -17.77777777777778 to equal 500.
    at &lt;Jasmine&gt;
    at http://localhost:9876/_karma_webpack_/src/app/temperatureConverter/temperatureConverter.component.spec.ts:72:40
    at &lt;Jasmine&gt;
    at fulfilled (http://localhost:9876/_karma_webpack_/node_modules/tslib/tslib.es6.js:71:42)
</failure>
  </testcase>
  <testcase name="TemperatureConverter Typing value in Celsius field gets correct Fahrenheit value" time="0.018" classname=".TemperatureConverter">
    <failure type="">Error: Expected 32 to equal 932.
    at &lt;Jasmine&gt;
    at http://localhost:9876/_karma_webpack_/src/app/temperatureConverter/temperatureConverter.component.spec.ts:60:43
    at &lt;Jasmine&gt;
    at fulfilled (http://localhost:9876/_karma_webpack_/node_modules/tslib/tslib.es6.js:71:42)
</failure>
  </testcase>
  <testcase name="TemperatureConverter Typing value in Fahrenheit field gets correct Celsius value upto 1 decimal values" time="0.013" classname=".TemperatureConverter">
    <failure type="">Error: Expected -17.77777777777778 to equal 37.8.
    at &lt;Jasmine&gt;
    at http://localhost:9876/_karma_webpack_/src/app/temperatureConverter/temperatureConverter.component.spec.ts:78:40
    at &lt;Jasmine&gt;
    at fulfilled (http://localhost:9876/_karma_webpack_/node_modules/tslib/tslib.es6.js:71:42)
</failure>
  </testcase>
  <testcase name="TemperatureConverter Perform series of actions" time="0.018" classname=".TemperatureConverter">
    <failure type="">Error: Expected -17.77777777777778 to equal -12.2.
    at &lt;Jasmine&gt;
    at http://localhost:9876/_karma_webpack_/src/app/temperatureConverter/temperatureConverter.component.spec.ts:84:40
    at &lt;Jasmine&gt;
    at fulfilled (http://localhost:9876/_karma_webpack_/node_modules/tslib/tslib.es6.js:71:42)
</failure>
    <failure type="">Error: Expected 0 to equal 50.
    at &lt;Jasmine&gt;
    at http://localhost:9876/_karma_webpack_/src/app/temperatureConverter/temperatureConverter.component.spec.ts:88:43
    at &lt;Jasmine&gt;
    at fulfilled (http://localhost:9876/_karma_webpack_/node_modules/tslib/tslib.es6.js:71:42)
</failure>
    <failure type="">Error: Expected -17.77777777777778 to equal 93.3.
    at &lt;Jasmine&gt;
    at http://localhost:9876/_karma_webpack_/src/app/temperatureConverter/temperatureConverter.component.spec.ts:92:40
    at &lt;Jasmine&gt;
    at fulfilled (http://localhost:9876/_karma_webpack_/node_modules/tslib/tslib.es6.js:71:42)
</failure>
    <failure type="">Error: Expected 0 to equal 478.4.
    at &lt;Jasmine&gt;
    at http://localhost:9876/_karma_webpack_/src/app/temperatureConverter/temperatureConverter.component.spec.ts:96:43
    at &lt;Jasmine&gt;
    at fulfilled (http://localhost:9876/_karma_webpack_/node_modules/tslib/tslib.es6.js:71:42)
</failure>
  </testcase>
  <testcase name="TemperatureConverter Typing value in Celsius field gets correct Fahrenheit value upto 1 decimal values" time="0.014" classname=".TemperatureConverter">
    <failure type="">Error: Expected 32 to equal 89.6.
    at &lt;Jasmine&gt;
    at http://localhost:9876/_karma_webpack_/src/app/temperatureConverter/temperatureConverter.component.spec.ts:66:43
    at &lt;Jasmine&gt;
    at fulfilled (http://localhost:9876/_karma_webpack_/node_modules/tslib/tslib.es6.js:71:42)
</failure>
  </testcase>
  <system-out>
    <![CDATA[HeadlessChrome 85.0.4183 (Mac OS X 10.15.6) LOG: 0
,HeadlessChrome 85.0.4183 (Mac OS X 10.15.6) LOG: 0
,HeadlessChrome 85.0.4183 (Mac OS X 10.15.6) LOG: 0
,HeadlessChrome 85.0.4183 (Mac OS X 10.15.6) LOG: 0
,HeadlessChrome 85.0.4183 (Mac OS X 10.15.6) LOG: -17.77777777777778
,HeadlessChrome 85.0.4183 (Mac OS X 10.15.6) LOG: 0
,HeadlessChrome 85.0.4183 (Mac OS X 10.15.6) LOG: -17.77777777777778
,HeadlessChrome 85.0.4183 (Mac OS X 10.15.6) LOG: 0

]]>
  </system-out>
  <system-err/>
</testsuite>